<?xml version="1.0" encoding="UTF-8"?>
<!-- Generated by org.testng.reporters.JUnitReportReporter -->
<testsuite skipped="0" hostname="LAPTOP-FFCI1MS4" name="com.connectedminds.expert.qa.test.LoginPageTest" tests="1" failures="0" timestamp="28 Dec 2021 13:38:25 GMT" time="13.068" errors="0">
  <testcase name="loginNegativeTest" time="13.068" classname="com.connectedminds.expert.qa.test.LoginPageTest"/>
</testsuite> <!-- com.connectedminds.expert.qa.test.LoginPageTest -->
