<?xml version="1.0" encoding="UTF-8"?>
<!-- Generated by org.testng.reporters.JUnitReportReporter -->
<testsuite skipped="0" hostname="LAPTOP-FFCI1MS4" name="com.connectedminds.expert.qa.test.LoginPageTest" tests="4" failures="0" timestamp="29 Dec 2021 10:49:49 GMT" time="46.240" errors="0">
  <testcase name="loginTest" time="10.852" classname="com.connectedminds.expert.qa.test.LoginPageTest"/>
  <testcase name="loginNegativeTest" time="15.816" classname="com.connectedminds.expert.qa.test.LoginPageTest"/>
  <testcase name="logoAvailableTest" time="10.699" classname="com.connectedminds.expert.qa.test.LoginPageTest"/>
  <testcase name="loginPageTitleTest" time="8.873" classname="com.connectedminds.expert.qa.test.LoginPageTest"/>
</testsuite> <!-- com.connectedminds.expert.qa.test.LoginPageTest -->
