<?xml version="1.0" encoding="UTF-8"?>
<!-- Generated by org.testng.reporters.JUnitReportReporter -->
<testsuite skipped="0" hostname="LAPTOP-FFCI1MS4" name="com.connectedminds.expert.qa.test.LoginPageTest" tests="3" failures="0" timestamp="13 Dec 2021 05:17:01 GMT" time="23.644" errors="0">
  <testcase name="logoAvailable" time="6.919" classname="com.connectedminds.expert.qa.test.LoginPageTest"/>
  <testcase name="loginTest" time="8.191" classname="com.connectedminds.expert.qa.test.LoginPageTest"/>
  <testcase name="loginPageTitleTest" time="8.534" classname="com.connectedminds.expert.qa.test.LoginPageTest"/>
</testsuite> <!-- com.connectedminds.expert.qa.test.LoginPageTest -->
