<?xml version="1.0" encoding="UTF-8"?>
<!-- Generated by org.testng.reporters.JUnitReportReporter -->
<testsuite skipped="0" hostname="LAPTOP-FFCI1MS4" name="com.connectedminds.expert.qa.test.HomePageTest" tests="1" failures="0" timestamp="25 Dec 2021 12:15:43 GMT" time="40.225" errors="0">
  <testcase name="checkTrendingPageTest" time="40.225" classname="com.connectedminds.expert.qa.test.HomePageTest"/>
</testsuite> <!-- com.connectedminds.expert.qa.test.HomePageTest -->
